  LexicalAnalyzer.cpp
D:\I am Photoshop, it is a Programmer\Visual Studio\C++\ourTI\ourTI\LexicalAnalyzer.cpp(55,17): warning C4018: <: несоответствие типов со знаком и без знака
D:\I am Photoshop, it is a Programmer\Visual Studio\C++\ourTI\ourTI\LexicalAnalyzer.cpp(111,18): warning C4018: <: несоответствие типов со знаком и без знака
D:\I am Photoshop, it is a Programmer\Visual Studio\C++\ourTI\ourTI\LexicalAnalyzer.cpp(142,18): warning C4018: <: несоответствие типов со знаком и без знака
D:\I am Photoshop, it is a Programmer\Visual Studio\C++\ourTI\ourTI\LexicalAnalyzer.cpp(148,15): warning C4018: <: несоответствие типов со знаком и без знака
D:\I am Photoshop, it is a Programmer\Visual Studio\C++\ourTI\ourTI\LexicalAnalyzer.cpp(149,19): warning C4018: <: несоответствие типов со знаком и без знака
D:\I am Photoshop, it is a Programmer\Visual Studio\C++\ourTI\ourTI\LexicalAnalyzer.cpp(156,15): warning C4018: <: несоответствие типов со знаком и без знака
D:\I am Photoshop, it is a Programmer\Visual Studio\C++\ourTI\ourTI\LexicalAnalyzer.cpp(157,19): warning C4018: <: несоответствие типов со знаком и без знака
D:\I am Photoshop, it is a Programmer\Visual Studio\C++\ourTI\ourTI\LexicalAnalyzer.cpp(203,15): warning C4018: <: несоответствие типов со знаком и без знака
D:\I am Photoshop, it is a Programmer\Visual Studio\C++\ourTI\ourTI\LexicalAnalyzer.cpp(211,15): warning C4018: <: несоответствие типов со знаком и без знака
D:\I am Photoshop, it is a Programmer\Visual Studio\C++\ourTI\ourTI\LexicalAnalyzer.cpp(219,15): warning C4018: <: несоответствие типов со знаком и без знака
D:\I am Photoshop, it is a Programmer\Visual Studio\C++\ourTI\ourTI\LexicalAnalyzer.cpp(225,36): warning C4018: <: несоответствие типов со знаком и без знака
  MainProg.cpp
D:\I am Photoshop, it is a Programmer\Visual Studio\C++\ourTI\ourTI\LexicalAnalyzer.cpp(55,17): warning C4018: <: несоответствие типов со знаком и без знака
D:\I am Photoshop, it is a Programmer\Visual Studio\C++\ourTI\ourTI\LexicalAnalyzer.cpp(111,18): warning C4018: <: несоответствие типов со знаком и без знака
D:\I am Photoshop, it is a Programmer\Visual Studio\C++\ourTI\ourTI\LexicalAnalyzer.cpp(142,18): warning C4018: <: несоответствие типов со знаком и без знака
D:\I am Photoshop, it is a Programmer\Visual Studio\C++\ourTI\ourTI\LexicalAnalyzer.cpp(148,15): warning C4018: <: несоответствие типов со знаком и без знака
D:\I am Photoshop, it is a Programmer\Visual Studio\C++\ourTI\ourTI\LexicalAnalyzer.cpp(149,19): warning C4018: <: несоответствие типов со знаком и без знака
D:\I am Photoshop, it is a Programmer\Visual Studio\C++\ourTI\ourTI\LexicalAnalyzer.cpp(156,15): warning C4018: <: несоответствие типов со знаком и без знака
D:\I am Photoshop, it is a Programmer\Visual Studio\C++\ourTI\ourTI\LexicalAnalyzer.cpp(157,19): warning C4018: <: несоответствие типов со знаком и без знака
D:\I am Photoshop, it is a Programmer\Visual Studio\C++\ourTI\ourTI\LexicalAnalyzer.cpp(203,15): warning C4018: <: несоответствие типов со знаком и без знака
D:\I am Photoshop, it is a Programmer\Visual Studio\C++\ourTI\ourTI\LexicalAnalyzer.cpp(211,15): warning C4018: <: несоответствие типов со знаком и без знака
D:\I am Photoshop, it is a Programmer\Visual Studio\C++\ourTI\ourTI\LexicalAnalyzer.cpp(219,15): warning C4018: <: несоответствие типов со знаком и без знака
D:\I am Photoshop, it is a Programmer\Visual Studio\C++\ourTI\ourTI\LexicalAnalyzer.cpp(225,36): warning C4018: <: несоответствие типов со знаком и без знака
  OPSinterpreter.cpp
D:\I am Photoshop, it is a Programmer\Visual Studio\C++\ourTI\ourTI\LexicalAnalyzer.cpp(55,17): warning C4018: <: несоответствие типов со знаком и без знака
D:\I am Photoshop, it is a Programmer\Visual Studio\C++\ourTI\ourTI\LexicalAnalyzer.cpp(111,18): warning C4018: <: несоответствие типов со знаком и без знака
D:\I am Photoshop, it is a Programmer\Visual Studio\C++\ourTI\ourTI\LexicalAnalyzer.cpp(142,18): warning C4018: <: несоответствие типов со знаком и без знака
D:\I am Photoshop, it is a Programmer\Visual Studio\C++\ourTI\ourTI\LexicalAnalyzer.cpp(148,15): warning C4018: <: несоответствие типов со знаком и без знака
D:\I am Photoshop, it is a Programmer\Visual Studio\C++\ourTI\ourTI\LexicalAnalyzer.cpp(149,19): warning C4018: <: несоответствие типов со знаком и без знака
D:\I am Photoshop, it is a Programmer\Visual Studio\C++\ourTI\ourTI\LexicalAnalyzer.cpp(156,15): warning C4018: <: несоответствие типов со знаком и без знака
D:\I am Photoshop, it is a Programmer\Visual Studio\C++\ourTI\ourTI\LexicalAnalyzer.cpp(157,19): warning C4018: <: несоответствие типов со знаком и без знака
D:\I am Photoshop, it is a Programmer\Visual Studio\C++\ourTI\ourTI\LexicalAnalyzer.cpp(203,15): warning C4018: <: несоответствие типов со знаком и без знака
D:\I am Photoshop, it is a Programmer\Visual Studio\C++\ourTI\ourTI\LexicalAnalyzer.cpp(211,15): warning C4018: <: несоответствие типов со знаком и без знака
D:\I am Photoshop, it is a Programmer\Visual Studio\C++\ourTI\ourTI\LexicalAnalyzer.cpp(219,15): warning C4018: <: несоответствие типов со знаком и без знака
D:\I am Photoshop, it is a Programmer\Visual Studio\C++\ourTI\ourTI\LexicalAnalyzer.cpp(225,36): warning C4018: <: несоответствие типов со знаком и без знака
  SyntaxisAnalyzer.cpp
D:\I am Photoshop, it is a Programmer\Visual Studio\C++\ourTI\ourTI\LexicalAnalyzer.cpp(55,17): warning C4018: <: несоответствие типов со знаком и без знака
D:\I am Photoshop, it is a Programmer\Visual Studio\C++\ourTI\ourTI\LexicalAnalyzer.cpp(111,18): warning C4018: <: несоответствие типов со знаком и без знака
D:\I am Photoshop, it is a Programmer\Visual Studio\C++\ourTI\ourTI\LexicalAnalyzer.cpp(142,18): warning C4018: <: несоответствие типов со знаком и без знака
D:\I am Photoshop, it is a Programmer\Visual Studio\C++\ourTI\ourTI\LexicalAnalyzer.cpp(148,15): warning C4018: <: несоответствие типов со знаком и без знака
D:\I am Photoshop, it is a Programmer\Visual Studio\C++\ourTI\ourTI\LexicalAnalyzer.cpp(149,19): warning C4018: <: несоответствие типов со знаком и без знака
D:\I am Photoshop, it is a Programmer\Visual Studio\C++\ourTI\ourTI\LexicalAnalyzer.cpp(156,15): warning C4018: <: несоответствие типов со знаком и без знака
D:\I am Photoshop, it is a Programmer\Visual Studio\C++\ourTI\ourTI\LexicalAnalyzer.cpp(157,19): warning C4018: <: несоответствие типов со знаком и без знака
D:\I am Photoshop, it is a Programmer\Visual Studio\C++\ourTI\ourTI\LexicalAnalyzer.cpp(203,15): warning C4018: <: несоответствие типов со знаком и без знака
D:\I am Photoshop, it is a Programmer\Visual Studio\C++\ourTI\ourTI\LexicalAnalyzer.cpp(211,15): warning C4018: <: несоответствие типов со знаком и без знака
D:\I am Photoshop, it is a Programmer\Visual Studio\C++\ourTI\ourTI\LexicalAnalyzer.cpp(219,15): warning C4018: <: несоответствие типов со знаком и без знака
D:\I am Photoshop, it is a Programmer\Visual Studio\C++\ourTI\ourTI\LexicalAnalyzer.cpp(225,36): warning C4018: <: несоответствие типов со знаком и без знака
  Создание кода
  Previous IPDB not found, fall back to full compilation.
  All 1054 functions were compiled because no usable IPDB/IOBJ from previous compilation was found.
  Создание кода завершено
  ourTI.vcxproj -> D:\I am Photoshop, it is a Programmer\Visual Studio\C++\ourTI\Release\ourTI.exe
